#
# There is insufficient memory for the Java Runtime Environment to continue.
# Native memory allocation (malloc) failed to allocate 1342496 bytes. Error detail: Chunk::new
# Possible reasons:
#   The system is out of physical RAM or swap space
#   This process is running with CompressedOops enabled, and the Java Heap may be blocking the growth of the native heap
# Possible solutions:
#   Reduce memory load on the system
#   Increase physical memory or swap space
#   Check if swap backing store is full
#   Decrease Java heap size (-Xmx/-Xms)
#   Decrease number of Java threads
#   Decrease Java thread stack sizes (-Xss)
#   Set larger code cache with -XX:ReservedCodeCacheSize=
#   JVM is running with Zero Based Compressed Oops mode in which the Java heap is
#     placed in the first 32GB address space. The Java Heap base address is the
#     maximum limit for the native heap growth. Please use -XX:HeapBaseMinAddress
#     to set the Java Heap base and to place the Java Heap above 32GB virtual address.
# This output file may be truncated or incomplete.
#
#  Out of Memory Error (arena.cpp:191), pid=18040, tid=20904
#
# JRE version: OpenJDK Runtime Environment Temurin-17.0.11+9 (17.0.11+9) (build 17.0.11+9)
# Java VM: OpenJDK 64-Bit Server VM Temurin-17.0.11+9 (17.0.11+9, mixed mode, tiered, compressed oops, compressed class ptrs, g1 gc, windows-amd64)
# No core dump will be written. Minidumps are not enabled by default on client versions of Windows
#

---------------  S U M M A R Y ------------

Command Line: -XX:+ShowCodeDetailsInExceptionMessages com.housing.back.BackApplication

Host: Intel(R) Core(TM) i7-6700K CPU @ 4.00GHz, 8 cores, 15G,  Windows 10 , 64 bit Build 19041 (10.0.19041.2364)
Time: Sat Jun 29 17:33:33 2024  Windows 10 , 64 bit Build 19041 (10.0.19041.2364) elapsed time: 5.957773 seconds (0d 0h 0m 5s)

---------------  T H R E A D  ---------------

Current thread (0x000001c98a09ab00):  JavaThread "C2 CompilerThread0" daemon [_thread_in_native, id=20904, stack(0x0000002909200000,0x0000002909300000)]


Current CompileTask:
C2:   5957 4338       4       org.springframework.boot.context.properties.source.SystemEnvironmentPropertyMapper$$Lambda$91/0x0000000800137c88::test (16 bytes)

Stack: [0x0000002909200000,0x0000002909300000]
Native frames: (J=compiled Java code, j=interpreted, Vv=VM code, C=native code)
V  [jvm.dll+0x67d429]
V  [jvm.dll+0x834b7a]
V  [jvm.dll+0x83663e]
V  [jvm.dll+0x836ca3]
V  [jvm.dll+0x247dbf]
V  [jvm.dll+0xac534]
V  [jvm.dll+0xacb7c]
V  [jvm.dll+0x2af2cf]
V  [jvm.dll+0x5848b7]
V  [jvm.dll+0x222d82]
V  [jvm.dll+0x22317f]
V  [jvm.dll+0x21c2a0]
V  [jvm.dll+0x2197a1]
V  [jvm.dll+0x1a534d]
V  [jvm.dll+0x2295cd]
V  [jvm.dll+0x22779c]
V  [jvm.dll+0x7e9d07]
V  [jvm.dll+0x7e410a]
V  [jvm.dll+0x67c315]
C  [ucrtbase.dll+0x21bb2]
C  [KERNEL32.DLL+0x17614]
C  [ntdll.dll+0x526a1]


---------------  P R O C E S S  ---------------

Threads class SMR info:
_java_thread_list=0x000001c98e63f780, length=15, elements={
0x000001c9e53f3da0, 0x000001c98a044740, 0x000001c98a045be0, 0x000001c98a07c530,
0x000001c98a07cef0, 0x000001c98a07e050, 0x000001c98a057600, 0x000001c98a09ab00,
0x000001c98a09bbb0, 0x000001c98a09cc60, 0x000001c98a2111f0, 0x000001c98a21db10,
0x000001c98a294cc0, 0x000001c98b20aee0, 0x000001c98b3910d0
}

Java Threads: ( => current thread )
  0x000001c9e53f3da0 JavaThread "main" [_thread_in_Java, id=8128, stack(0x0000002908500000,0x0000002908600000)]
  0x000001c98a044740 JavaThread "Reference Handler" daemon [_thread_blocked, id=14992, stack(0x0000002908c00000,0x0000002908d00000)]
  0x000001c98a045be0 JavaThread "Finalizer" daemon [_thread_blocked, id=15872, stack(0x0000002908d00000,0x0000002908e00000)]
  0x000001c98a07c530 JavaThread "Signal Dispatcher" daemon [_thread_blocked, id=26276, stack(0x0000002908e00000,0x0000002908f00000)]
  0x000001c98a07cef0 JavaThread "Attach Listener" daemon [_thread_blocked, id=12404, stack(0x0000002908f00000,0x0000002909000000)]
  0x000001c98a07e050 JavaThread "Service Thread" daemon [_thread_blocked, id=10184, stack(0x0000002909000000,0x0000002909100000)]
  0x000001c98a057600 JavaThread "Monitor Deflation Thread" daemon [_thread_blocked, id=4652, stack(0x0000002909100000,0x0000002909200000)]
=>0x000001c98a09ab00 JavaThread "C2 CompilerThread0" daemon [_thread_in_native, id=20904, stack(0x0000002909200000,0x0000002909300000)]
  0x000001c98a09bbb0 JavaThread "C1 CompilerThread0" daemon [_thread_blocked, id=27948, stack(0x0000002909300000,0x0000002909400000)]
  0x000001c98a09cc60 JavaThread "Sweeper thread" daemon [_thread_blocked, id=21156, stack(0x0000002909400000,0x0000002909500000)]
  0x000001c98a2111f0 JavaThread "Notification Thread" daemon [_thread_blocked, id=1368, stack(0x0000002909500000,0x0000002909600000)]
  0x000001c98a21db10 JavaThread "Common-Cleaner" daemon [_thread_blocked, id=5664, stack(0x0000002909700000,0x0000002909800000)]
  0x000001c98a294cc0 JavaThread "C2 CompilerThread1" daemon [_thread_in_native, id=10612, stack(0x0000002909800000,0x0000002909900000)]
  0x000001c98b20aee0 JavaThread "C2 CompilerThread2" daemon [_thread_in_native, id=28260, stack(0x000000290a100000,0x000000290a200000)]
  0x000001c98b3910d0 JavaThread "mysql-cj-abandoned-connection-cleanup" daemon [_thread_blocked, id=28208, stack(0x0000002909e00000,0x0000002909f00000)]

Other Threads:
  0x000001c98a02b810 VMThread "VM Thread" [stack: 0x0000002908b00000,0x0000002908c00000] [id=6900]
  0x000001c98a1498c0 WatcherThread [stack: 0x0000002909600000,0x0000002909700000] [id=7460]
  0x000001c9e5465390 GCTaskThread "GC Thread#0" [stack: 0x0000002908600000,0x0000002908700000] [id=24456]
  0x000001c98af84580 GCTaskThread "GC Thread#1" [stack: 0x0000002909900000,0x0000002909a00000] [id=6516]
  0x000001c98af84840 GCTaskThread "GC Thread#2" [stack: 0x0000002909a00000,0x0000002909b00000] [id=11168]
  0x000001c98af84b00 GCTaskThread "GC Thread#3" [stack: 0x0000002909b00000,0x0000002909c00000] [id=14448]
  0x000001c98af84dc0 GCTaskThread "GC Thread#4" [stack: 0x0000002909c00000,0x0000002909d00000] [id=17968]
  0x000001c98af85080 GCTaskThread "GC Thread#5" [stack: 0x0000002909d00000,0x0000002909e00000] [id=27524]
  0x000001c98b3500e0 GCTaskThread "GC Thread#6" [stack: 0x0000002909f00000,0x000000290a000000] [id=16316]
  0x000001c98b34f060 GCTaskThread "GC Thread#7" [stack: 0x000000290a000000,0x000000290a100000] [id=18104]
  0x000001c9e54761f0 ConcurrentGCThread "G1 Main Marker" [stack: 0x0000002908700000,0x0000002908800000] [id=1164]
  0x000001c9e54773b0 ConcurrentGCThread "G1 Conc#0" [stack: 0x0000002908800000,0x0000002908900000] [id=25680]
  0x000001c98b34fb60 ConcurrentGCThread "G1 Conc#1" [stack: 0x000000290a200000,0x000000290a300000] [id=17704]
  0x000001c9ff470540 ConcurrentGCThread "G1 Refine#0" [stack: 0x0000002908900000,0x0000002908a00000] [id=26056]
  0x000001c9ff470d20 ConcurrentGCThread "G1 Service" [stack: 0x0000002908a00000,0x0000002908b00000] [id=11824]

Threads with active compile tasks:
C2 CompilerThread0     5994 4338       4       org.springframework.boot.context.properties.source.SystemEnvironmentPropertyMapper$$Lambda$91/0x0000000800137c88::test (16 bytes)
C2 CompilerThread1     5994 4339       4       org.springframework.boot.context.properties.source.SystemEnvironmentPropertyMapper::isLegacyAncestorOf (34 bytes)
C2 CompilerThread2     5994 4337       4       java.util.function.BiPredicate$$Lambda$92/0x0000000800157210::test (16 bytes)

VM state: not at safepoint (normal execution)

VM Mutex/Monitor currently owned by a thread:  ([mutex/lock_event])
[0x000001c9e53ecea0] CodeCache_lock - owner thread: 0x000001c9e53f3da0
[0x000001c9e53eef30] Compile_lock - owner thread: 0x000001c9e53f3da0

Heap address: 0x0000000700e00000, size: 4082 MB, Compressed Oops mode: Zero based, Oop shift amount: 3

CDS archive(s) not mapped
Compressed class space mapped at: 0x0000000800000000-0x0000000840000000, reserved size: 1073741824
Narrow klass base: 0x0000000800000000, Narrow klass shift: 0, Narrow klass range: 0x40000000

GC Precious Log:
 CPUs: 8 total, 8 available
 Memory: 16323M
 Large Page Support: Disabled
 NUMA Support: Disabled
 Compressed Oops: Enabled (Zero based)
 Heap Region Size: 2M
 Heap Min Capacity: 8M
 Heap Initial Capacity: 256M
 Heap Max Capacity: 4082M
 Pre-touch: Disabled
 Parallel Workers: 8
 Concurrent Workers: 2
 Concurrent Refinement Workers: 8
 Periodic GC: Disabled

Heap:
 garbage-first heap   total 155648K, used 52048K [0x0000000700e00000, 0x0000000800000000)
  region size 2048K, 18 young (36864K), 1 survivors (2048K)
 Metaspace       used 44455K, committed 44864K, reserved 1114112K
  class space    used 5615K, committed 5824K, reserved 1048576K

Heap Regions: E=young(eden), S=young(survivor), O=old, HS=humongous(starts), HC=humongous(continues), CS=collection set, F=free, OA=open archive, CA=closed archive, TAMS=top-at-mark-start (previous, next)
|   0|0x0000000700e00000, 0x0000000701000000, 0x0000000701000000|100%| O|  |TAMS 0x0000000701000000, 0x0000000700e00000| Untracked 
|   1|0x0000000701000000, 0x0000000701200000, 0x0000000701200000|100%| O|  |TAMS 0x0000000701200000, 0x0000000701000000| Untracked 
|   2|0x0000000701200000, 0x0000000701400000, 0x0000000701400000|100%| O|  |TAMS 0x0000000701204e00, 0x0000000701200000| Untracked 
|   3|0x0000000701400000, 0x00000007015e0a00, 0x0000000701600000| 93%| O|  |TAMS 0x00000007015e0a00, 0x0000000701400000| Untracked 
|   4|0x0000000701600000, 0x0000000701800000, 0x0000000701800000|100%| O|  |TAMS 0x0000000701800000, 0x0000000701600000| Untracked 
|   5|0x0000000701800000, 0x0000000701a00000, 0x0000000701a00000|100%| O|  |TAMS 0x0000000701a00000, 0x0000000701800000| Untracked 
|   6|0x0000000701a00000, 0x0000000701c00000, 0x0000000701c00000|100%| O|  |TAMS 0x0000000701c00000, 0x0000000701a00000| Untracked 
|   7|0x0000000701c00000, 0x0000000701c00000, 0x0000000701e00000|  0%| F|  |TAMS 0x0000000701c00000, 0x0000000701c00000| Untracked 
|   8|0x0000000701e00000, 0x0000000702000000, 0x0000000702000000|100%| O|  |TAMS 0x0000000701e00000, 0x0000000701e00000| Untracked 
|   9|0x0000000702000000, 0x0000000702200000, 0x0000000702200000|100%| O|  |TAMS 0x0000000702000000, 0x0000000702000000| Untracked 
|  10|0x0000000702200000, 0x0000000702267e00, 0x0000000702400000| 20%| O|  |TAMS 0x0000000702200000, 0x0000000702200000| Untracked 
|  11|0x0000000702400000, 0x0000000702400000, 0x0000000702600000|  0%| F|  |TAMS 0x0000000702400000, 0x0000000702400000| Untracked 
|  12|0x0000000702600000, 0x0000000702600000, 0x0000000702800000|  0%| F|  |TAMS 0x0000000702600000, 0x0000000702600000| Untracked 
|  13|0x0000000702800000, 0x0000000702800000, 0x0000000702a00000|  0%| F|  |TAMS 0x0000000702800000, 0x0000000702800000| Untracked 
|  14|0x0000000702a00000, 0x0000000702a00000, 0x0000000702c00000|  0%| F|  |TAMS 0x0000000702a00000, 0x0000000702a00000| Untracked 
|  15|0x0000000702c00000, 0x0000000702c00000, 0x0000000702e00000|  0%| F|  |TAMS 0x0000000702c00000, 0x0000000702c00000| Untracked 
|  16|0x0000000702e00000, 0x0000000702e00000, 0x0000000703000000|  0%| F|  |TAMS 0x0000000702e00000, 0x0000000702e00000| Untracked 
|  17|0x0000000703000000, 0x0000000703000000, 0x0000000703200000|  0%| F|  |TAMS 0x0000000703000000, 0x0000000703000000| Untracked 
|  18|0x0000000703200000, 0x0000000703200000, 0x0000000703400000|  0%| F|  |TAMS 0x0000000703200000, 0x0000000703200000| Untracked 
|  19|0x0000000703400000, 0x0000000703400000, 0x0000000703600000|  0%| F|  |TAMS 0x0000000703400000, 0x0000000703400000| Untracked 
|  20|0x0000000703600000, 0x0000000703600000, 0x0000000703800000|  0%| F|  |TAMS 0x0000000703600000, 0x0000000703600000| Untracked 
|  21|0x0000000703800000, 0x0000000703800000, 0x0000000703a00000|  0%| F|  |TAMS 0x0000000703800000, 0x0000000703800000| Untracked 
|  22|0x0000000703a00000, 0x0000000703a00000, 0x0000000703c00000|  0%| F|  |TAMS 0x0000000703a00000, 0x0000000703a00000| Untracked 
|  23|0x0000000703c00000, 0x0000000703c00000, 0x0000000703e00000|  0%| F|  |TAMS 0x0000000703c00000, 0x0000000703c00000| Untracked 
|  24|0x0000000703e00000, 0x0000000703e00000, 0x0000000704000000|  0%| F|  |TAMS 0x0000000703e00000, 0x0000000703e00000| Untracked 
|  25|0x0000000704000000, 0x0000000704000000, 0x0000000704200000|  0%| F|  |TAMS 0x0000000704000000, 0x0000000704000000| Untracked 
|  26|0x0000000704200000, 0x0000000704200000, 0x0000000704400000|  0%| F|  |TAMS 0x0000000704200000, 0x0000000704200000| Untracked 
|  27|0x0000000704400000, 0x0000000704400000, 0x0000000704600000|  0%| F|  |TAMS 0x0000000704400000, 0x0000000704400000| Untracked 
|  28|0x0000000704600000, 0x0000000704600000, 0x0000000704800000|  0%| F|  |TAMS 0x0000000704600000, 0x0000000704600000| Untracked 
|  29|0x0000000704800000, 0x0000000704800000, 0x0000000704a00000|  0%| F|  |TAMS 0x0000000704800000, 0x0000000704800000| Untracked 
|  30|0x0000000704a00000, 0x0000000704a00000, 0x0000000704c00000|  0%| F|  |TAMS 0x0000000704a00000, 0x0000000704a00000| Untracked 
|  31|0x0000000704c00000, 0x0000000704c00000, 0x0000000704e00000|  0%| F|  |TAMS 0x0000000704c00000, 0x0000000704c00000| Untracked 
|  32|0x0000000704e00000, 0x0000000704e00000, 0x0000000705000000|  0%| F|  |TAMS 0x0000000704e00000, 0x0000000704e00000| Untracked 
|  33|0x0000000705000000, 0x0000000705000000, 0x0000000705200000|  0%| F|  |TAMS 0x0000000705000000, 0x0000000705000000| Untracked 
|  34|0x0000000705200000, 0x0000000705200000, 0x0000000705400000|  0%| F|  |TAMS 0x0000000705200000, 0x0000000705200000| Untracked 
|  35|0x0000000705400000, 0x0000000705400000, 0x0000000705600000|  0%| F|  |TAMS 0x0000000705400000, 0x0000000705400000| Untracked 
|  36|0x0000000705600000, 0x0000000705600000, 0x0000000705800000|  0%| F|  |TAMS 0x0000000705600000, 0x0000000705600000| Untracked 
|  37|0x0000000705800000, 0x0000000705800000, 0x0000000705a00000|  0%| F|  |TAMS 0x0000000705800000, 0x0000000705800000| Untracked 
|  38|0x0000000705a00000, 0x0000000705a00000, 0x0000000705c00000|  0%| F|  |TAMS 0x0000000705a00000, 0x0000000705a00000| Untracked 
|  39|0x0000000705c00000, 0x0000000705c00000, 0x0000000705e00000|  0%| F|  |TAMS 0x0000000705c00000, 0x0000000705c00000| Untracked 
|  40|0x0000000705e00000, 0x0000000705e00000, 0x0000000706000000|  0%| F|  |TAMS 0x0000000705e00000, 0x0000000705e00000| Untracked 
|  41|0x0000000706000000, 0x0000000706000000, 0x0000000706200000|  0%| F|  |TAMS 0x0000000706000000, 0x0000000706000000| Untracked 
|  42|0x0000000706200000, 0x0000000706200000, 0x0000000706400000|  0%| F|  |TAMS 0x0000000706200000, 0x0000000706200000| Untracked 
|  43|0x0000000706400000, 0x0000000706400000, 0x0000000706600000|  0%| F|  |TAMS 0x0000000706400000, 0x0000000706400000| Untracked 
|  44|0x0000000706600000, 0x0000000706600000, 0x0000000706800000|  0%| F|  |TAMS 0x0000000706600000, 0x0000000706600000| Untracked 
|  45|0x0000000706800000, 0x0000000706800000, 0x0000000706a00000|  0%| F|  |TAMS 0x0000000706800000, 0x0000000706800000| Untracked 
|  46|0x0000000706a00000, 0x0000000706a00000, 0x0000000706c00000|  0%| F|  |TAMS 0x0000000706a00000, 0x0000000706a00000| Untracked 
|  47|0x0000000706c00000, 0x0000000706c00000, 0x0000000706e00000|  0%| F|  |TAMS 0x0000000706c00000, 0x0000000706c00000| Untracked 
|  48|0x0000000706e00000, 0x0000000706e00000, 0x0000000707000000|  0%| F|  |TAMS 0x0000000706e00000, 0x0000000706e00000| Untracked 
|  49|0x0000000707000000, 0x0000000707000000, 0x0000000707200000|  0%| F|  |TAMS 0x0000000707000000, 0x0000000707000000| Untracked 
|  50|0x0000000707200000, 0x0000000707200000, 0x0000000707400000|  0%| F|  |TAMS 0x0000000707200000, 0x0000000707200000| Untracked 
|  51|0x0000000707400000, 0x0000000707400000, 0x0000000707600000|  0%| F|  |TAMS 0x0000000707400000, 0x0000000707400000| Untracked 
|  52|0x0000000707600000, 0x0000000707600000, 0x0000000707800000|  0%| F|  |TAMS 0x0000000707600000, 0x0000000707600000| Untracked 
|  53|0x0000000707800000, 0x0000000707800000, 0x0000000707a00000|  0%| F|  |TAMS 0x0000000707800000, 0x0000000707800000| Untracked 
|  54|0x0000000707a00000, 0x0000000707a00000, 0x0000000707c00000|  0%| F|  |TAMS 0x0000000707a00000, 0x0000000707a00000| Untracked 
|  55|0x0000000707c00000, 0x0000000707c00000, 0x0000000707e00000|  0%| F|  |TAMS 0x0000000707c00000, 0x0000000707c00000| Untracked 
|  56|0x0000000707e00000, 0x0000000707e00000, 0x0000000708000000|  0%| F|  |TAMS 0x0000000707e00000, 0x0000000707e00000| Untracked 
|  57|0x0000000708000000, 0x0000000708000000, 0x0000000708200000|  0%| F|  |TAMS 0x0000000708000000, 0x0000000708000000| Untracked 
|  58|0x0000000708200000, 0x0000000708301028, 0x0000000708400000| 50%| E|  |TAMS 0x0000000708200000, 0x0000000708200000| Complete 
|  59|0x0000000708400000, 0x0000000708600000, 0x0000000708600000|100%| E|CS|TAMS 0x0000000708400000, 0x0000000708400000| Complete 
|  60|0x0000000708600000, 0x0000000708800000, 0x0000000708800000|100%| E|CS|TAMS 0x0000000708600000, 0x0000000708600000| Complete 
|  61|0x0000000708800000, 0x0000000708a00000, 0x0000000708a00000|100%| E|CS|TAMS 0x0000000708800000, 0x0000000708800000| Complete 
|  62|0x0000000708a00000, 0x0000000708c00000, 0x0000000708c00000|100%| E|CS|TAMS 0x0000000708a00000, 0x0000000708a00000| Complete 
|  63|0x0000000708c00000, 0x0000000708e00000, 0x0000000708e00000|100%| E|CS|TAMS 0x0000000708c00000, 0x0000000708c00000| Complete 
|  64|0x0000000708e00000, 0x0000000709000000, 0x0000000709000000|100%| E|CS|TAMS 0x0000000708e00000, 0x0000000708e00000| Complete 
|  65|0x0000000709000000, 0x0000000709200000, 0x0000000709200000|100%| E|CS|TAMS 0x0000000709000000, 0x0000000709000000| Complete 
|  66|0x0000000709200000, 0x0000000709400000, 0x0000000709400000|100%| E|CS|TAMS 0x0000000709200000, 0x0000000709200000| Complete 
|  67|0x0000000709400000, 0x0000000709600000, 0x0000000709600000|100%| E|CS|TAMS 0x0000000709400000, 0x0000000709400000| Complete 
|  68|0x0000000709600000, 0x0000000709800000, 0x0000000709800000|100%| E|CS|TAMS 0x0000000709600000, 0x0000000709600000| Complete 
|  69|0x0000000709800000, 0x0000000709a00000, 0x0000000709a00000|100%| E|CS|TAMS 0x0000000709800000, 0x0000000709800000| Complete 
|  70|0x0000000709a00000, 0x0000000709c00000, 0x0000000709c00000|100%| E|CS|TAMS 0x0000000709a00000, 0x0000000709a00000| Complete 
|  71|0x0000000709c00000, 0x0000000709e00000, 0x0000000709e00000|100%| E|CS|TAMS 0x0000000709c00000, 0x0000000709c00000| Complete 
|  72|0x0000000709e00000, 0x000000070a000000, 0x000000070a000000|100%| E|CS|TAMS 0x0000000709e00000, 0x0000000709e00000| Complete 
| 109|0x000000070e800000, 0x000000070ea00000, 0x000000070ea00000|100%| E|CS|TAMS 0x000000070e800000, 0x000000070e800000| Complete 
| 110|0x000000070ea00000, 0x000000070ea8bbd0, 0x000000070ec00000| 27%| S|CS|TAMS 0x000000070ea00000, 0x000000070ea00000| Complete 
| 127|0x0000000710c00000, 0x0000000710e00000, 0x0000000710e00000|100%| E|CS|TAMS 0x0000000710c00000, 0x0000000710c00000| Complete 

Card table byte_map: [0x000001c9f9af0000,0x000001c9fa2f0000] _byte_map_base: 0x000001c9f62e9000

Marking Bits (Prev, Next): (CMBitMap*) 0x000001c9e54659b0, (CMBitMap*) 0x000001c9e54659f0
 Prev Bits: [0x000001c9faaf0000, 0x000001c9feab8000)
 Next Bits: [0x000001c980000000, 0x000001c983fc8000)

Polling page: 0x000001c9e54a0000

Metaspace:

Usage:
  Non-class:     37.96 MB used.
      Class:      5.49 MB used.
       Both:     43.46 MB used.

Virtual space:
  Non-class space:       64.00 MB reserved,      38.19 MB ( 60%) committed,  1 nodes.
      Class space:        1.00 GB reserved,       5.69 MB ( <1%) committed,  1 nodes.
             Both:        1.06 GB reserved,      43.88 MB (  4%) committed. 

Chunk freelists:
   Non-Class:  9.48 MB
       Class:  10.22 MB
        Both:  19.70 MB

MaxMetaspaceSize: unlimited
CompressedClassSpaceSize: 1.00 GB
Initial GC threshold: 21.00 MB
Current GC threshold: 59.00 MB
CDS: off
MetaspaceReclaimPolicy: balanced
 - commit_granule_bytes: 65536.
 - commit_granule_words: 8192.
 - virtual_space_node_default_size: 8388608.
 - enlarge_chunks_in_place: 1.
 - new_chunks_are_fully_committed: 0.
 - uncommit_free_chunks: 1.
 - use_allocation_guard: 0.
 - handle_deallocations: 1.


Internal statistics:

num_allocs_failed_limit: 6.
num_arena_births: 524.
num_arena_deaths: 0.
num_vsnodes_births: 2.
num_vsnodes_deaths: 0.
num_space_committed: 702.
num_space_uncommitted: 0.
num_chunks_returned_to_freelist: 6.
num_chunks_taken_from_freelist: 1827.
num_chunk_merges: 6.
num_chunk_splits: 1298.
num_chunks_enlarged: 987.
num_inconsistent_stats: 0.

CodeHeap 'non-profiled nmethods': size=120000Kb used=2235Kb max_used=2980Kb free=117764Kb
 bounds [0x000001c9f1360000, 0x000001c9f1650000, 0x000001c9f8890000]
CodeHeap 'profiled nmethods': size=120000Kb used=7673Kb max_used=9521Kb free=112326Kb
 bounds [0x000001c9e9890000, 0x000001c9ea1e0000, 0x000001c9f0dc0000]
CodeHeap 'non-nmethods': size=5760Kb used=1241Kb max_used=1320Kb free=4518Kb
 bounds [0x000001c9f0dc0000, 0x000001c9f1030000, 0x000001c9f1360000]
 total_blobs=4272 nmethods=3724 adapters=460
 compilation: enabled
              stopped_count=0, restarted_count=0
 full_count=0

Compilation events (20 events):
Event: 5.850 Thread 0x000001c98a09bbb0 nmethod 4400 0x000001c9e99e2b90 code [0x000001c9e99e2d20, 0x000001c9e99e2e78]
Event: 5.850 Thread 0x000001c98a09bbb0 4402       1       com.mysql.cj.conf.AbstractPropertyDefinition::getPropertyKey (5 bytes)
Event: 5.850 Thread 0x000001c98a09bbb0 nmethod 4402 0x000001c9f136d990 code [0x000001c9f136db20, 0x000001c9f136dbf8]
Event: 5.850 Thread 0x000001c98a09bbb0 4401  s    3       java.lang.StringBuffer::append (15 bytes)
Event: 5.850 Thread 0x000001c98a09bbb0 nmethod 4401 0x000001c9e9a3b290 code [0x000001c9e9a3b440, 0x000001c9e9a3b668]
Event: 5.855 Thread 0x000001c98a09bbb0 4403       1       com.mysql.cj.conf.AbstractPropertyDefinition::getDefaultValue (5 bytes)
Event: 5.855 Thread 0x000001c98a09bbb0 nmethod 4403 0x000001c9f137cf10 code [0x000001c9f137d0a0, 0x000001c9f137d178]
Event: 5.855 Thread 0x000001c98a09bbb0 4404       1       com.mysql.cj.conf.AbstractRuntimeProperty::getPropertyDefinition (5 bytes)
Event: 5.856 Thread 0x000001c98a09bbb0 nmethod 4404 0x000001c9f13a8c10 code [0x000001c9f13a8da0, 0x000001c9f13a8e78]
Event: 5.856 Thread 0x000001c98a09bbb0 4405       3       java.util.HashMap$ValueIterator::next (8 bytes)
Event: 5.856 Thread 0x000001c98a09bbb0 nmethod 4405 0x000001c9e99f3610 code [0x000001c9e99f37c0, 0x000001c9e99f3908]
Event: 5.856 Thread 0x000001c98a09bbb0 4406       1       com.mysql.cj.conf.AbstractPropertyDefinition::getName (5 bytes)
Event: 5.856 Thread 0x000001c98a09bbb0 nmethod 4406 0x000001c9f13cb190 code [0x000001c9f13cb320, 0x000001c9f13cb3f8]
Event: 5.856 Thread 0x000001c98a09bbb0 4407       1       com.mysql.cj.conf.AbstractPropertyDefinition::getCcAlias (5 bytes)
Event: 5.856 Thread 0x000001c98a09bbb0 nmethod 4407 0x000001c9f13e9690 code [0x000001c9f13e9820, 0x000001c9f13e98f8]
Event: 5.858 Thread 0x000001c98a294cc0 nmethod 4379 0x000001c9f1383990 code [0x000001c9f1383ba0, 0x000001c9f1385390]
Event: 5.858 Thread 0x000001c98a294cc0 4339       4       org.springframework.boot.context.properties.source.SystemEnvironmentPropertyMapper::isLegacyAncestorOf (34 bytes)
Event: 5.884 Thread 0x000001c98a09bbb0 4408   !   3       com.mysql.cj.conf.DefaultPropertySet::getProperty (52 bytes)
Event: 5.885 Thread 0x000001c98a09bbb0 nmethod 4408 0x000001c9e9967810 code [0x000001c9e9967a00, 0x000001c9e9968148]
Event: 5.954 Thread 0x000001c98a09bbb0 4410       3       java.lang.invoke.DirectMethodHandle::makeAllocator (137 bytes)

GC Heap History (20 events):
Event: 1.772 GC heap before
{Heap before GC invocations=2 (full 0):
 garbage-first heap   total 262144K, used 39112K [0x0000000700e00000, 0x0000000800000000)
  region size 2048K, 17 young (34816K), 2 survivors (4096K)
 Metaspace       used 21353K, committed 21504K, reserved 1114112K
  class space    used 2614K, committed 2688K, reserved 1048576K
}
Event: 1.775 GC heap after
{Heap after GC invocations=3 (full 0):
 garbage-first heap   total 262144K, used 11661K [0x0000000700e00000, 0x0000000800000000)
  region size 2048K, 2 young (4096K), 2 survivors (4096K)
 Metaspace       used 21353K, committed 21504K, reserved 1114112K
  class space    used 2614K, committed 2688K, reserved 1048576K
}
Event: 2.288 GC heap before
{Heap before GC invocations=4 (full 0):
 garbage-first heap   total 49152K, used 34189K [0x0000000700e00000, 0x0000000800000000)
  region size 2048K, 14 young (28672K), 2 survivors (4096K)
 Metaspace       used 26375K, committed 26688K, reserved 1114112K
  class space    used 3236K, committed 3392K, reserved 1048576K
}
Event: 2.293 GC heap after
{Heap after GC invocations=5 (full 0):
 garbage-first heap   total 49152K, used 13422K [0x0000000700e00000, 0x0000000800000000)
  region size 2048K, 2 young (4096K), 2 survivors (4096K)
 Metaspace       used 26375K, committed 26688K, reserved 1114112K
  class space    used 3236K, committed 3392K, reserved 1048576K
}
Event: 2.339 GC heap before
{Heap before GC invocations=5 (full 0):
 garbage-first heap   total 49152K, used 15470K [0x0000000700e00000, 0x0000000800000000)
  region size 2048K, 3 young (6144K), 2 survivors (4096K)
 Metaspace       used 26571K, committed 26880K, reserved 1114112K
  class space    used 3248K, committed 3392K, reserved 1048576K
}
Event: 2.344 GC heap after
{Heap after GC invocations=6 (full 0):
 garbage-first heap   total 49152K, used 13372K [0x0000000700e00000, 0x0000000800000000)
  region size 2048K, 1 young (2048K), 1 survivors (2048K)
 Metaspace       used 26571K, committed 26880K, reserved 1114112K
  class space    used 3248K, committed 3392K, reserved 1048576K
}
Event: 2.776 GC heap before
{Heap before GC invocations=6 (full 0):
 garbage-first heap   total 49152K, used 29756K [0x0000000700e00000, 0x0000000800000000)
  region size 2048K, 9 young (18432K), 1 survivors (2048K)
 Metaspace       used 28335K, committed 28608K, reserved 1114112K
  class space    used 3425K, committed 3584K, reserved 1048576K
}
Event: 2.779 GC heap after
{Heap after GC invocations=7 (full 0):
 garbage-first heap   total 49152K, used 14540K [0x0000000700e00000, 0x0000000800000000)
  region size 2048K, 1 young (2048K), 1 survivors (2048K)
 Metaspace       used 28335K, committed 28608K, reserved 1114112K
  class space    used 3425K, committed 3584K, reserved 1048576K
}
Event: 3.106 GC heap before
{Heap before GC invocations=7 (full 0):
 garbage-first heap   total 49152K, used 30924K [0x0000000700e00000, 0x0000000800000000)
  region size 2048K, 9 young (18432K), 1 survivors (2048K)
 Metaspace       used 29734K, committed 30016K, reserved 1114112K
  class space    used 3592K, committed 3712K, reserved 1048576K
}
Event: 3.109 GC heap after
{Heap after GC invocations=8 (full 0):
 garbage-first heap   total 49152K, used 15395K [0x0000000700e00000, 0x0000000800000000)
  region size 2048K, 2 young (4096K), 2 survivors (4096K)
 Metaspace       used 29734K, committed 30016K, reserved 1114112K
  class space    used 3592K, committed 3712K, reserved 1048576K
}
Event: 3.615 GC heap before
{Heap before GC invocations=8 (full 0):
 garbage-first heap   total 49152K, used 31779K [0x0000000700e00000, 0x0000000800000000)
  region size 2048K, 10 young (20480K), 2 survivors (4096K)
 Metaspace       used 32072K, committed 32384K, reserved 1114112K
  class space    used 3881K, committed 4032K, reserved 1048576K
}
Event: 3.621 GC heap after
{Heap after GC invocations=9 (full 0):
 garbage-first heap   total 49152K, used 16278K [0x0000000700e00000, 0x0000000800000000)
  region size 2048K, 1 young (2048K), 1 survivors (2048K)
 Metaspace       used 32072K, committed 32384K, reserved 1114112K
  class space    used 3881K, committed 4032K, reserved 1048576K
}
Event: 4.019 GC heap before
{Heap before GC invocations=9 (full 0):
 garbage-first heap   total 49152K, used 32662K [0x0000000700e00000, 0x0000000800000000)
  region size 2048K, 9 young (18432K), 1 survivors (2048K)
 Metaspace       used 34222K, committed 34560K, reserved 1114112K
  class space    used 4272K, committed 4416K, reserved 1048576K
}
Event: 4.023 GC heap after
{Heap after GC invocations=10 (full 0):
 garbage-first heap   total 49152K, used 16852K [0x0000000700e00000, 0x0000000800000000)
  region size 2048K, 2 young (4096K), 2 survivors (4096K)
 Metaspace       used 34222K, committed 34560K, reserved 1114112K
  class space    used 4272K, committed 4416K, reserved 1048576K
}
Event: 4.312 GC heap before
{Heap before GC invocations=10 (full 0):
 garbage-first heap   total 49152K, used 27092K [0x0000000700e00000, 0x0000000800000000)
  region size 2048K, 8 young (16384K), 2 survivors (4096K)
 Metaspace       used 35782K, committed 36096K, reserved 1114112K
  class space    used 4490K, committed 4672K, reserved 1048576K
}
Event: 4.316 GC heap after
{Heap after GC invocations=11 (full 0):
 garbage-first heap   total 49152K, used 17793K [0x0000000700e00000, 0x0000000800000000)
  region size 2048K, 2 young (4096K), 2 survivors (4096K)
 Metaspace       used 35782K, committed 36096K, reserved 1114112K
  class space    used 4490K, committed 4672K, reserved 1048576K
}
Event: 4.695 GC heap before
{Heap before GC invocations=12 (full 0):
 garbage-first heap   total 49152K, used 34177K [0x0000000700e00000, 0x0000000800000000)
  region size 2048K, 10 young (20480K), 2 survivors (4096K)
 Metaspace       used 38270K, committed 38656K, reserved 1114112K
  class space    used 4880K, committed 5056K, reserved 1048576K
}
Event: 4.700 GC heap after
{Heap after GC invocations=13 (full 0):
 garbage-first heap   total 49152K, used 19245K [0x0000000700e00000, 0x0000000800000000)
  region size 2048K, 2 young (4096K), 2 survivors (4096K)
 Metaspace       used 38270K, committed 38656K, reserved 1114112K
  class space    used 4880K, committed 5056K, reserved 1048576K
}
Event: 4.744 GC heap before
{Heap before GC invocations=13 (full 0):
 garbage-first heap   total 49152K, used 21293K [0x0000000700e00000, 0x0000000800000000)
  region size 2048K, 3 young (6144K), 2 survivors (4096K)
 Metaspace       used 38464K, committed 38848K, reserved 1114112K
  class space    used 4923K, committed 5120K, reserved 1048576K
}
Event: 4.751 GC heap after
{Heap after GC invocations=14 (full 0):
 garbage-first heap   total 155648K, used 19280K [0x0000000700e00000, 0x0000000800000000)
  region size 2048K, 1 young (2048K), 1 survivors (2048K)
 Metaspace       used 38464K, committed 38848K, reserved 1114112K
  class space    used 4923K, committed 5120K, reserved 1048576K
}

Dll operation events (9 events):
Event: 0.011 Loaded shared library C:\Users\choih\.vscode\extensions\redhat.java-1.32.0-win32-x64\jre\17.0.11-win32-x86_64\bin\java.dll
Event: 0.161 Loaded shared library C:\Users\choih\.vscode\extensions\redhat.java-1.32.0-win32-x64\jre\17.0.11-win32-x86_64\bin\net.dll
Event: 0.163 Loaded shared library C:\Users\choih\.vscode\extensions\redhat.java-1.32.0-win32-x64\jre\17.0.11-win32-x86_64\bin\nio.dll
Event: 0.169 Loaded shared library C:\Users\choih\.vscode\extensions\redhat.java-1.32.0-win32-x64\jre\17.0.11-win32-x86_64\bin\zip.dll
Event: 0.299 Loaded shared library C:\Users\choih\.vscode\extensions\redhat.java-1.32.0-win32-x64\jre\17.0.11-win32-x86_64\bin\jimage.dll
Event: 2.255 Loaded shared library C:\Users\choih\.vscode\extensions\redhat.java-1.32.0-win32-x64\jre\17.0.11-win32-x86_64\bin\sunmscapi.dll
Event: 5.082 Loaded shared library C:\Users\choih\.vscode\extensions\redhat.java-1.32.0-win32-x64\jre\17.0.11-win32-x86_64\bin\management.dll
Event: 5.084 Loaded shared library C:\Users\choih\.vscode\extensions\redhat.java-1.32.0-win32-x64\jre\17.0.11-win32-x86_64\bin\management_ext.dll
Event: 5.929 Loaded shared library C:\Users\choih\.vscode\extensions\redhat.java-1.32.0-win32-x64\jre\17.0.11-win32-x86_64\bin\extnet.dll

Deoptimization events (20 events):
Event: 5.777 Thread 0x000001c9e53f3da0 DEOPT PACKING pc=0x000001c9e9c482e5 sp=0x00000029085f6f60
Event: 5.777 Thread 0x000001c9e53f3da0 DEOPT UNPACKING pc=0x000001c9f0e17143 sp=0x00000029085f6450 mode 0
Event: 5.777 Thread 0x000001c9e53f3da0 DEOPT PACKING pc=0x000001c9e9c482e5 sp=0x00000029085f6f60
Event: 5.777 Thread 0x000001c9e53f3da0 DEOPT UNPACKING pc=0x000001c9f0e17143 sp=0x00000029085f6450 mode 0
Event: 5.777 Thread 0x000001c9e53f3da0 DEOPT PACKING pc=0x000001c9e9c482e5 sp=0x00000029085f6f60
Event: 5.777 Thread 0x000001c9e53f3da0 DEOPT UNPACKING pc=0x000001c9f0e17143 sp=0x00000029085f6450 mode 0
Event: 5.777 Thread 0x000001c9e53f3da0 DEOPT PACKING pc=0x000001c9e9c482e5 sp=0x00000029085f6f60
Event: 5.777 Thread 0x000001c9e53f3da0 DEOPT UNPACKING pc=0x000001c9f0e17143 sp=0x00000029085f6450 mode 0
Event: 5.778 Thread 0x000001c9e53f3da0 DEOPT PACKING pc=0x000001c9e9c482e5 sp=0x00000029085f6f60
Event: 5.778 Thread 0x000001c9e53f3da0 DEOPT UNPACKING pc=0x000001c9f0e17143 sp=0x00000029085f6450 mode 0
Event: 5.778 Thread 0x000001c9e53f3da0 DEOPT PACKING pc=0x000001c9e9c482e5 sp=0x00000029085f6f60
Event: 5.778 Thread 0x000001c9e53f3da0 DEOPT UNPACKING pc=0x000001c9f0e17143 sp=0x00000029085f6450 mode 0
Event: 5.778 Thread 0x000001c9e53f3da0 DEOPT PACKING pc=0x000001c9e9c482e5 sp=0x00000029085f6f60
Event: 5.778 Thread 0x000001c9e53f3da0 DEOPT UNPACKING pc=0x000001c9f0e17143 sp=0x00000029085f6450 mode 0
Event: 5.779 Thread 0x000001c9e53f3da0 DEOPT PACKING pc=0x000001c9e9c482e5 sp=0x00000029085f6f60
Event: 5.779 Thread 0x000001c9e53f3da0 DEOPT UNPACKING pc=0x000001c9f0e17143 sp=0x00000029085f6450 mode 0
Event: 5.779 Thread 0x000001c9e53f3da0 DEOPT PACKING pc=0x000001c9e9c482e5 sp=0x00000029085f6f60
Event: 5.779 Thread 0x000001c9e53f3da0 DEOPT UNPACKING pc=0x000001c9f0e17143 sp=0x00000029085f6450 mode 0
Event: 5.779 Thread 0x000001c9e53f3da0 DEOPT PACKING pc=0x000001c9e9c482e5 sp=0x00000029085f6f60
Event: 5.779 Thread 0x000001c9e53f3da0 DEOPT UNPACKING pc=0x000001c9f0e17143 sp=0x00000029085f6450 mode 0

Classes unloaded (0 events):
No events

Classes redefined (0 events):
No events

Internal exceptions (20 events):
Event: 4.670 Thread 0x000001c9e53f3da0 Exception <a 'java/lang/IncompatibleClassChangeError'{0x0000000702b25808}: Found class java.lang.Object, but interface was expected> (0x0000000702b25808) 
thrown [s\src\hotspot\share\interpreter\linkResolver.cpp, line 826]
Event: 4.672 Thread 0x000001c9e53f3da0 Exception <a 'java/lang/NoSuchMethodError'{0x0000000702b36840}: 'int java.lang.invoke.DirectMethodHandle$Holder.invokeSpecialIFC(java.lang.Object, java.lang.Object, java.lang.Object)'> (0x0000000702b36840) 
thrown [s\src\hotspot\share\interpreter\linkResolver.cpp, line 759]
Event: 4.675 Thread 0x000001c9e53f3da0 Exception <a 'java/lang/NoSuchMethodError'{0x0000000702b4f320}: 'void java.lang.invoke.DirectMethodHandle$Holder.invokeStatic(java.lang.Object, int, java.lang.Object)'> (0x0000000702b4f320) 
thrown [s\src\hotspot\share\interpreter\linkResolver.cpp, line 759]
Event: 4.688 Thread 0x000001c9e53f3da0 Exception <a 'java/lang/NoSuchMethodError'{0x0000000702baa778}: 'void java.lang.invoke.DirectMethodHandle$Holder.invokeVirtual(java.lang.Object, java.lang.Object, int)'> (0x0000000702baa778) 
thrown [s\src\hotspot\share\interpreter\linkResolver.cpp, line 759]
Event: 4.689 Thread 0x000001c9e53f3da0 Exception <a 'java/lang/NoSuchMethodError'{0x0000000702bb0a60}: 'void java.lang.invoke.DirectMethodHandle$Holder.invokeStatic(java.lang.Object, java.lang.Object, java.lang.Object, int, java.lang.Object)'> (0x0000000702bb0a60) 
thrown [s\src\hotspot\share\interpreter\linkResolver.cpp, line 759]
Event: 4.690 Thread 0x000001c9e53f3da0 Exception <a 'java/lang/NoSuchMethodError'{0x0000000702bb7f68}: 'java.lang.Object java.lang.invoke.DirectMethodHandle$Holder.newInvokeSpecial(java.lang.Object, java.lang.Object, java.lang.Object, int)'> (0x0000000702bb7f68) 
thrown [s\src\hotspot\share\interpreter\linkResolver.cpp, line 759]
Event: 4.690 Thread 0x000001c9e53f3da0 Exception <a 'java/lang/NoSuchMethodError'{0x0000000702bbc250}: 'java.lang.Object java.lang.invoke.DirectMethodHandle$Holder.invokeSpecial(java.lang.Object, java.lang.Object, java.lang.Object, java.lang.Object, int)'> (0x0000000702bbc250) 
thrown [s\src\hotspot\share\interpreter\linkResolver.cpp, line 759]
Event: 4.690 Thread 0x000001c9e53f3da0 Exception <a 'java/lang/NoSuchMethodError'{0x0000000702bbfe18}: 'java.lang.Object java.lang.invoke.Invokers$Holder.linkToTargetMethod(java.lang.Object, java.lang.Object, int, java.lang.Object)'> (0x0000000702bbfe18) 
thrown [s\src\hotspot\share\interpreter\linkResolver.cpp, line 759]
Event: 4.788 Thread 0x000001c9e53f3da0 Exception <a 'java/lang/NoSuchMethodError'{0x0000000710de2490}: 'java.lang.Object java.lang.invoke.DirectMethodHandle$Holder.invokeStaticInit(java.lang.Object, int, int, int, int)'> (0x0000000710de2490) 
thrown [s\src\hotspot\share\interpreter\linkResolver.cpp, line 759]
Event: 4.890 Thread 0x000001c9e53f3da0 Exception <a 'java/lang/NoSuchMethodError'{0x000000070e8e4ea8}: 'java.lang.Object java.lang.invoke.DirectMethodHandle$Holder.invokeStaticInit(java.lang.Object, java.lang.Object, int, int, int, int)'> (0x000000070e8e4ea8) 
thrown [s\src\hotspot\share\interpreter\linkResolver.cpp, line 759]
Event: 5.041 Thread 0x000001c9e53f3da0 Exception <a 'java/lang/NoSuchMethodError'{0x0000000709b62418}: 'java.lang.Object java.lang.invoke.DirectMethodHandle$Holder.invokeSpecial(java.lang.Object, java.lang.Object, long, java.lang.Object, java.lang.Object, java.lang.Object, java.lang.Object, java.lang.Object, java.lang.Object)'> (0x0000000709b62418) 
thrown [s\src\hotspot\share\interpreter\linkResolver.cpp, line 759]
Event: 5.041 Thread 0x000001c9e53f3da0 Exception <a 'java/lang/NoSuchMethodError'{0x0000000709b66f40}: 'java.lang.Object java.lang.invoke.DelegatingMethodHandle$Holder.reinvoke_L(java.lang.Object, long, java.lang.Object, java.lang.Object, java.lang.Object, java.lang.Object, java.lang.Object, java.lang.Object)'> (0x0000000709b66f40) 
thrown [s\src\hotspot\share\interpreter\linkResolver.cpp, line 759]
Event: 5.097 Thread 0x000001c9e53f3da0 Exception <a 'java/io/FileNotFoundException'{0x000000070993ae60}> (0x000000070993ae60) 
thrown [s\src\hotspot\share\prims\jni.cpp, line 516]
Event: 5.098 Thread 0x000001c9e53f3da0 Exception <a 'java/io/FileNotFoundException'{0x000000070993ca80}> (0x000000070993ca80) 
thrown [s\src\hotspot\share\prims\jni.cpp, line 516]
Event: 5.098 Thread 0x000001c9e53f3da0 Exception <a 'java/io/FileNotFoundException'{0x000000070993e700}> (0x000000070993e700) 
thrown [s\src\hotspot\share\prims\jni.cpp, line 516]
Event: 5.151 Thread 0x000001c9e53f3da0 Exception <a 'java/lang/NoSuchMethodError'{0x000000070975b1b8}: 'int java.lang.invoke.DirectMethodHandle$Holder.invokeInterface(java.lang.Object, java.lang.Object, java.lang.Object, java.lang.Object)'> (0x000000070975b1b8) 
thrown [s\src\hotspot\share\interpreter\linkResolver.cpp, line 759]
Event: 5.468 Thread 0x000001c9e53f3da0 Implicit null exception at 0x000001c9f15fe620 to 0x000001c9f15fec60
Event: 5.654 Thread 0x000001c9e53f3da0 Implicit null exception at 0x000001c9f1568e43 to 0x000001c9f156914c
Event: 5.666 Thread 0x000001c9e53f3da0 Exception <a 'sun/nio/fs/WindowsException'{0x0000000708c6e020}> (0x0000000708c6e020) 
thrown [s\src\hotspot\share\prims\jni.cpp, line 516]
Event: 5.681 Thread 0x000001c9e53f3da0 Exception <a 'sun/nio/fs/WindowsException'{0x0000000708ce8128}> (0x0000000708ce8128) 
thrown [s\src\hotspot\share\prims\jni.cpp, line 516]

VM Operations (20 events):
Event: 4.744 Executing VM operation: G1CollectForAllocation
Event: 4.751 Executing VM operation: G1CollectForAllocation done
Event: 4.816 Executing VM operation: HandshakeAllThreads
Event: 4.816 Executing VM operation: HandshakeAllThreads done
Event: 4.990 Executing VM operation: HandshakeAllThreads
Event: 4.990 Executing VM operation: HandshakeAllThreads done
Event: 5.002 Executing VM operation: HandshakeAllThreads
Event: 5.002 Executing VM operation: HandshakeAllThreads done
Event: 5.058 Executing VM operation: HandshakeAllThreads
Event: 5.058 Executing VM operation: HandshakeAllThreads done
Event: 5.088 Executing VM operation: HandshakeAllThreads
Event: 5.088 Executing VM operation: HandshakeAllThreads done
Event: 5.340 Executing VM operation: ICBufferFull
Event: 5.341 Executing VM operation: ICBufferFull done
Event: 5.509 Executing VM operation: HandshakeAllThreads
Event: 5.509 Executing VM operation: HandshakeAllThreads done
Event: 5.654 Executing VM operation: HandshakeAllThreads
Event: 5.654 Executing VM operation: HandshakeAllThreads done
Event: 5.663 Executing VM operation: HandshakeAllThreads
Event: 5.664 Executing VM operation: HandshakeAllThreads done

Events (20 events):
Event: 5.933 loading class java/net/Proxy$Type
Event: 5.933 loading class java/net/Proxy$Type done
Event: 5.933 loading class sun/net/spi/DefaultProxySelector$1
Event: 5.933 loading class sun/net/spi/DefaultProxySelector$1 done
Event: 5.933 loading class sun/net/spi/DefaultProxySelector$NonProxyInfo
Event: 5.933 loading class sun/net/spi/DefaultProxySelector$NonProxyInfo done
Event: 5.933 loading class sun/net/spi/DefaultProxySelector$3
Event: 5.933 loading class sun/net/spi/DefaultProxySelector$3 done
Event: 5.933 loading class sun/net/NetHooks
Event: 5.933 loading class sun/net/NetHooks done
Event: 5.934 loading class java/net/Socket$SocketInputStream
Event: 5.934 loading class java/net/Socket$SocketInputStream done
Event: 5.934 loading class sun/nio/ch/NioSocketImpl$1
Event: 5.934 loading class sun/nio/ch/NioSocketImpl$1 done
Event: 5.935 loading class java/io/EOFException
Event: 5.935 loading class java/io/EOFException done
Event: 5.935 loading class java/net/Socket$SocketOutputStream
Event: 5.935 loading class java/net/Socket$SocketOutputStream done
Event: 5.935 loading class sun/nio/ch/NioSocketImpl$2
Event: 5.935 loading class sun/nio/ch/NioSocketImpl$2 done


Dynamic libraries:
0x00007ff673980000 - 0x00007ff67398e000 	C:\Users\choih\.vscode\extensions\redhat.java-1.32.0-win32-x64\jre\17.0.11-win32-x86_64\bin\java.exe
0x00007ffa01e50000 - 0x00007ffa02048000 	C:\Windows\SYSTEM32\ntdll.dll
0x00007ffa015e0000 - 0x00007ffa0169f000 	C:\Windows\System32\KERNEL32.DLL
0x00007ff9ffbb0000 - 0x00007ff9ffe82000 	C:\Windows\System32\KERNELBASE.dll
0x00007ff9ffa80000 - 0x00007ff9ffb80000 	C:\Windows\System32\ucrtbase.dll
0x00007ff9e8280000 - 0x00007ff9e829b000 	C:\Users\choih\.vscode\extensions\redhat.java-1.32.0-win32-x64\jre\17.0.11-win32-x86_64\bin\VCRUNTIME140.dll
0x00007ff9e8e80000 - 0x00007ff9e8e97000 	C:\Users\choih\.vscode\extensions\redhat.java-1.32.0-win32-x64\jre\17.0.11-win32-x86_64\bin\jli.dll
0x00007ffa01ab0000 - 0x00007ffa01c51000 	C:\Windows\System32\USER32.dll
0x00007ff9ffb80000 - 0x00007ff9ffba2000 	C:\Windows\System32\win32u.dll
0x00007ff9ed6a0000 - 0x00007ff9ed93a000 	C:\Windows\WinSxS\amd64_microsoft.windows.common-controls_6595b64144ccf1df_6.0.19041.1110_none_60b5254171f9507e\COMCTL32.dll
0x00007ffa01250000 - 0x00007ffa0127b000 	C:\Windows\System32\GDI32.dll
0x00007ffa00b40000 - 0x00007ffa00bde000 	C:\Windows\System32\msvcrt.dll
0x00007ff9ff7e0000 - 0x00007ff9ff8ef000 	C:\Windows\System32\gdi32full.dll
0x00007ff9ff740000 - 0x00007ff9ff7dd000 	C:\Windows\System32\msvcp_win.dll
0x00007ffa016a0000 - 0x00007ffa016d2000 	C:\Windows\System32\IMM32.DLL
0x00007ff9f3e30000 - 0x00007ff9f3e3c000 	C:\Users\choih\.vscode\extensions\redhat.java-1.32.0-win32-x64\jre\17.0.11-win32-x86_64\bin\vcruntime140_1.dll
0x00007ff9c7470000 - 0x00007ff9c74fd000 	C:\Users\choih\.vscode\extensions\redhat.java-1.32.0-win32-x64\jre\17.0.11-win32-x86_64\bin\msvcp140.dll
0x00007ff982820000 - 0x00007ff983482000 	C:\Users\choih\.vscode\extensions\redhat.java-1.32.0-win32-x64\jre\17.0.11-win32-x86_64\bin\server\jvm.dll
0x00007ffa01410000 - 0x00007ffa014be000 	C:\Windows\System32\ADVAPI32.dll
0x00007ffa014c0000 - 0x00007ffa0155c000 	C:\Windows\System32\sechost.dll
0x00007ffa001a0000 - 0x00007ffa002c5000 	C:\Windows\System32\RPCRT4.dll
0x00007ff9e8920000 - 0x00007ff9e8929000 	C:\Windows\SYSTEM32\WSOCK32.dll
0x00007ffa016e0000 - 0x00007ffa0174b000 	C:\Windows\System32\WS2_32.dll
0x00007ff9f8480000 - 0x00007ff9f848a000 	C:\Windows\SYSTEM32\VERSION.dll
0x00007ff9ff300000 - 0x00007ff9ff34b000 	C:\Windows\SYSTEM32\POWRPROF.dll
0x00007ff9f7870000 - 0x00007ff9f7897000 	C:\Windows\SYSTEM32\WINMM.dll
0x00007ff9ff2e0000 - 0x00007ff9ff2f2000 	C:\Windows\SYSTEM32\UMPDC.dll
0x00007ff9fd3e0000 - 0x00007ff9fd3f2000 	C:\Windows\SYSTEM32\kernel.appcore.dll
0x00007ff9f3380000 - 0x00007ff9f338a000 	C:\Users\choih\.vscode\extensions\redhat.java-1.32.0-win32-x64\jre\17.0.11-win32-x86_64\bin\jimage.dll
0x00007ff9f3ed0000 - 0x00007ff9f40b4000 	C:\Windows\SYSTEM32\DBGHELP.DLL
0x00007ff9eb8a0000 - 0x00007ff9eb8d5000 	C:\Windows\SYSTEM32\dbgcore.DLL
0x00007ff9ff660000 - 0x00007ff9ff6e2000 	C:\Windows\System32\bcryptPrimitives.dll
0x00007ff9db4c0000 - 0x00007ff9db4e5000 	C:\Users\choih\.vscode\extensions\redhat.java-1.32.0-win32-x64\jre\17.0.11-win32-x86_64\bin\java.dll
0x00007ff9db3e0000 - 0x00007ff9db3f8000 	C:\Users\choih\.vscode\extensions\redhat.java-1.32.0-win32-x64\jre\17.0.11-win32-x86_64\bin\zip.dll
0x00007ffa003f0000 - 0x00007ffa00b34000 	C:\Windows\System32\SHELL32.dll
0x00007ff9fd5e0000 - 0x00007ff9fdd72000 	C:\Windows\SYSTEM32\windows.storage.dll
0x00007ffa01750000 - 0x00007ffa01aa5000 	C:\Windows\System32\combase.dll
0x00007ff9fede0000 - 0x00007ff9fee10000 	C:\Windows\SYSTEM32\Wldp.dll
0x00007ffa01360000 - 0x00007ffa0140d000 	C:\Windows\System32\SHCORE.dll
0x00007ffa000b0000 - 0x00007ffa00105000 	C:\Windows\System32\shlwapi.dll
0x00007ff9ff480000 - 0x00007ff9ff49f000 	C:\Windows\SYSTEM32\profapi.dll
0x00007ff9da0a0000 - 0x00007ff9da0b9000 	C:\Users\choih\.vscode\extensions\redhat.java-1.32.0-win32-x64\jre\17.0.11-win32-x86_64\bin\net.dll
0x00007ff9fa510000 - 0x00007ff9fa61c000 	C:\Windows\SYSTEM32\WINHTTP.dll
0x00007ff9febc0000 - 0x00007ff9fec2a000 	C:\Windows\system32\mswsock.dll
0x00007ff9d8e30000 - 0x00007ff9d8e46000 	C:\Users\choih\.vscode\extensions\redhat.java-1.32.0-win32-x64\jre\17.0.11-win32-x86_64\bin\nio.dll
0x00007ff9e8270000 - 0x00007ff9e827e000 	C:\Users\choih\.vscode\extensions\redhat.java-1.32.0-win32-x64\jre\17.0.11-win32-x86_64\bin\sunmscapi.dll
0x00007ff9ff8f0000 - 0x00007ff9ffa46000 	C:\Windows\System32\CRYPT32.dll
0x00007ff9fee50000 - 0x00007ff9fee77000 	C:\Windows\SYSTEM32\ncrypt.dll
0x00007ff9fee10000 - 0x00007ff9fee4b000 	C:\Windows\SYSTEM32\NTASN1.dll
0x00007ff9ff190000 - 0x00007ff9ff1a8000 	C:\Windows\SYSTEM32\CRYPTSP.dll
0x00007ff9fe500000 - 0x00007ff9fe534000 	C:\Windows\system32\rsaenh.dll
0x00007ff9ffa50000 - 0x00007ff9ffa77000 	C:\Windows\System32\bcrypt.dll
0x00007ff9ff440000 - 0x00007ff9ff46e000 	C:\Windows\SYSTEM32\USERENV.dll
0x00007ff9fed50000 - 0x00007ff9fed5c000 	C:\Windows\SYSTEM32\CRYPTBASE.dll
0x00007ff9fe8d0000 - 0x00007ff9fe90b000 	C:\Windows\SYSTEM32\IPHLPAPI.DLL
0x00007ffa01560000 - 0x00007ffa01568000 	C:\Windows\System32\NSI.dll
0x00007ff9f9710000 - 0x00007ff9f9727000 	C:\Windows\SYSTEM32\dhcpcsvc6.DLL
0x00007ff9f96f0000 - 0x00007ff9f970d000 	C:\Windows\SYSTEM32\dhcpcsvc.DLL
0x00007ff9fe910000 - 0x00007ff9fe9da000 	C:\Windows\SYSTEM32\DNSAPI.dll
0x00007ff9eaa50000 - 0x00007ff9eaa59000 	C:\Users\choih\.vscode\extensions\redhat.java-1.32.0-win32-x64\jre\17.0.11-win32-x86_64\bin\management.dll
0x00007ff9e9680000 - 0x00007ff9e968b000 	C:\Users\choih\.vscode\extensions\redhat.java-1.32.0-win32-x64\jre\17.0.11-win32-x86_64\bin\management_ext.dll
0x00007ffa01570000 - 0x00007ffa01578000 	C:\Windows\System32\PSAPI.DLL
0x00007ff9e9660000 - 0x00007ff9e9669000 	C:\Users\choih\.vscode\extensions\redhat.java-1.32.0-win32-x64\jre\17.0.11-win32-x86_64\bin\extnet.dll

dbghelp: loaded successfully - version: 4.0.5 - missing functions: none
symbol engine: initialized successfully - sym options: 0x614 - pdb path: .;C:\Users\choih\.vscode\extensions\redhat.java-1.32.0-win32-x64\jre\17.0.11-win32-x86_64\bin;C:\Windows\SYSTEM32;C:\Windows\WinSxS\amd64_microsoft.windows.common-controls_6595b64144ccf1df_6.0.19041.1110_none_60b5254171f9507e;C:\Users\choih\.vscode\extensions\redhat.java-1.32.0-win32-x64\jre\17.0.11-win32-x86_64\bin\server

VM Arguments:
jvm_args: -XX:+ShowCodeDetailsInExceptionMessages 
java_command: com.housing.back.BackApplication
java_class_path (initial): C:\backendpractice\06-프론트 리팩토링 서버연결\back\bin\main;C:\backendpractice\06-프론트 리팩토링 서버연결\back\bin\test;C:\backendpractice\06-프론트 리팩토링 서버연결\back\bin\default;C:\Users\choih\.gradle\caches\modules-2\files-2.1\org.projectlombok\lombok\1.18.32\17d46b3e205515e1e8efd3ee4d57ce8018914163\lombok-1.18.32.jar;C:\Users\choih\.gradle\caches\modules-2\files-2.1\org.springframework.boot\spring-boot-starter-data-jpa\3.3.0\daa6f75f99e68f11f473a5681955764ff4d4b024\spring-boot-starter-data-jpa-3.3.0.jar;C:\Users\choih\.gradle\caches\modules-2\files-2.1\org.springframework.boot\spring-boot-starter-mail\3.3.0\2e77c77004830b85b494957d9caff2fcd6631ddf\spring-boot-starter-mail-3.3.0.jar;C:\Users\choih\.gradle\caches\modules-2\files-2.1\org.springframework.boot\spring-boot-starter-oauth2-client\3.3.0\4cbbb96adf19a3767c70680ccd67b0f2ae699c22\spring-boot-starter-oauth2-client-3.3.0.jar;C:\Users\choih\.gradle\caches\modules-2\files-2.1\org.springframework.boot\spring-boot-starter-security\3.3.0\2d20fb8d3b186343c689a16bd26798cb32309c8\spring-boot-starter-security-3.3.0.jar;C:\Users\choih\.gradle\caches\modules-2\files-2.1\org.springframework.boot\spring-boot-starter-validation\3.3.0\567b0ee4be72f0888addbbb52f66979d5e6ecf1\spring-boot-starter-validation-3.3.0.jar;C:\Users\choih\.gradle\caches\modules-2\files-2.1\org.springframework.boot\spring-boot-starter-web\3.3.0\d8f587bc52e6c31dc4f161a49ce8f5e19f8853a9\spring-boot-starter-web-3.3.0.jar;C:\Users\choih\.gradle\caches\modules-2\files-2.1\io.jsonwebtoken\jjwt-impl\0.11.2\8fd8acf9d3cb9a2db05bfa484c2a1408cc3507f9\jjwt-impl-0.11.2.jar;C:\Users\choih\.gradle\caches\modules-2\files-2.1\io.jsonwebtoken\jjwt-jackson\0.11.2\bff0b63d4cbace7b38551a70350875e69201ffeb\jjwt-jackson-0.11.2.jar;C:\Users\choih\.gradle\caches\modules-2\files-2.1\io.jsonwebtoken\jjwt-api\0.11.2\57c34dce3e88f2972c5c5465b6291acfb5628084\jjwt-api-0.11.2.jar;C:\Users\choih\.gradle\caches\modules-2\files-2.1\org.springframework
Launcher Type: SUN_STANDARD

[Global flags]
     intx CICompilerCount                          = 4                                         {product} {ergonomic}
     uint ConcGCThreads                            = 2                                         {product} {ergonomic}
     uint G1ConcRefinementThreads                  = 8                                         {product} {ergonomic}
   size_t G1HeapRegionSize                         = 2097152                                   {product} {ergonomic}
    uintx GCDrainStackTargetSize                   = 64                                        {product} {ergonomic}
   size_t InitialHeapSize                          = 268435456                                 {product} {ergonomic}
   size_t MarkStackSize                            = 4194304                                   {product} {ergonomic}
   size_t MaxHeapSize                              = 4280287232                                {product} {ergonomic}
   size_t MaxNewSize                               = 2566914048                                {product} {ergonomic}
   size_t MinHeapDeltaBytes                        = 2097152                                   {product} {ergonomic}
   size_t MinHeapSize                              = 8388608                                   {product} {ergonomic}
    uintx NonNMethodCodeHeapSize                   = 5839372                                {pd product} {ergonomic}
    uintx NonProfiledCodeHeapSize                  = 122909434                              {pd product} {ergonomic}
    uintx ProfiledCodeHeapSize                     = 122909434                              {pd product} {ergonomic}
    uintx ReservedCodeCacheSize                    = 251658240                              {pd product} {ergonomic}
     bool SegmentedCodeCache                       = true                                      {product} {ergonomic}
     bool ShowCodeDetailsInExceptionMessages       = true                                   {manageable} {command line}
   size_t SoftMaxHeapSize                          = 4280287232                             {manageable} {ergonomic}
     bool UseCompressedClassPointers               = true                           {product lp64_product} {ergonomic}
     bool UseCompressedOops                        = true                           {product lp64_product} {ergonomic}
     bool UseG1GC                                  = true                                      {product} {ergonomic}
     bool UseLargePagesIndividualAllocation        = false                                  {pd product} {ergonomic}

Logging:
Log output configuration:
 #0: stdout all=warning uptime,level,tags
 #1: stderr all=off uptime,level,tags

Environment Variables:
JAVA_HOME=C:\Program Files\Java\jdk-21
CLASSPATH=C:\Program Files\Java\jdk-21\lib
PATH=C:\Python312\Scripts\;C:\Python312\;C:\Program Files\Java\jdk-21\bin;C:\Program Files\MySQL\MySQL Server 8.0\bin;C:\Program Files\Java\jdk-21\bin;C:\Program Files\nodejs\;C:\ProgramData\chocolatey\bin;C:\ngrok;;C:\Program Files\Docker\Docker\resources\bin;C:\Users\choih\AppData\Local\Microsoft\WindowsApps;C:\Program Files\Bandizip\;C:\Users\choih\AppData\Local\afreeca;C:\Users\choih\AppData\Local\Programs\Microsoft VS Code\bin;C:\Users\choih\AppData\Roaming\npm
USERNAME=choih
LANG=en_US.UTF-8
OS=Windows_NT
PROCESSOR_IDENTIFIER=Intel64 Family 6 Model 94 Stepping 3, GenuineIntel
TMP=C:\Users\choih\AppData\Local\Temp
TEMP=C:\Users\choih\AppData\Local\Temp



Periodic native trim disabled


---------------  S Y S T E M  ---------------

OS:
 Windows 10 , 64 bit Build 19041 (10.0.19041.2364)
OS uptime: 5 days 3:08 hours
Hyper-V role detected

CPU: total 8 (initial active 8) (4 cores per cpu, 2 threads per core) family 6 model 94 stepping 3 microcode 0xcc, cx8, cmov, fxsr, ht, mmx, 3dnowpref, sse, sse2, sse3, ssse3, sse4.1, sse4.2, popcnt, lzcnt, tsc, tscinvbit, avx, avx2, aes, erms, clmul, bmi1, bmi2, rtm, adx, fma, vzeroupper, clflush, clflushopt, hv
Processor Information for all 8 processors :
  Max Mhz: 4001, Current Mhz: 4000, Mhz Limit: 4001

Memory: 4k page, system-wide physical 16323M (1714M free)
TotalPageFile size 46059M (AvailPageFile size 5M)
current process WorkingSet (physical memory assigned to process): 236M, peak: 236M
current process commit charge ("private bytes"): 348M, peak: 388M

vm_info: OpenJDK 64-Bit Server VM (17.0.11+9) for windows-amd64 JRE (17.0.11+9), built on Apr 17 2024 06:07:48 by "admin" with MS VC++ 16.10 / 16.11 (VS2019)

END.
